This file contains any messages produced by compilers while
running configure, to aid debugging if configure makes a mistake.

It was created by libjingle configure 0.4.0, which was
generated by GNU Autoconf 2.61.  Invocation command line was

  $ ./configure 

## --------- ##
## Platform. ##
## --------- ##

hostname = zhili-hus-macbook-pro.local
uname -m = i386
uname -r = 9.8.0
uname -s = Darwin
uname -v = Darwin Kernel Version 9.8.0: Wed Jul 15 16:55:01 PDT 2009; root:xnu-1228.15.4~1/RELEASE_I386

/usr/bin/uname -p = i386
/bin/uname -X     = unknown

/bin/arch              = unknown
/usr/bin/arch -k       = unknown
/usr/convex/getsysinfo = unknown
/usr/bin/hostinfo      = Mach kernel version:
	 Darwin Kernel Version 9.8.0: Wed Jul 15 16:55:01 PDT 2009; root:xnu-1228.15.4~1/RELEASE_I386
Kernel configured for up to 2 processors.
2 processors are physically available.
2 processors are logically available.
Processor type: i486 (Intel 80486)
Processors active: 0 1
Primary memory available: 2.50 gigabytes
Default processor set: 61 tasks, 247 threads, 2 processors
Load average: 0.97, Mach factor: 1.12
/bin/machine           = unknown
/usr/bin/oslevel       = unknown
/bin/universe          = unknown

PATH: /usr/bin
PATH: /bin
PATH: /usr/sbin
PATH: /sbin
PATH: /usr/local/bin
PATH: /usr/X11/bin
PATH: /usr/local/git/bin


## ----------- ##
## Core tests. ##
## ----------- ##

configure:2001: checking build system type
configure:2019: result: i686-apple-darwin9.8.0
configure:2041: checking host system type
configure:2056: result: i686-apple-darwin9.8.0
configure:2078: checking target system type
configure:2093: result: i686-apple-darwin9.8.0
configure:2138: checking for a BSD-compatible install
configure:2194: result: /usr/bin/install -c
configure:2205: checking whether build environment is sane
configure:2248: result: yes
configure:2276: checking for a thread-safe mkdir -p
configure:2315: result: ./install-sh -c -d
configure:2328: checking for gawk
configure:2358: result: no
configure:2328: checking for mawk
configure:2358: result: no
configure:2328: checking for nawk
configure:2358: result: no
configure:2328: checking for awk
configure:2344: found /usr/bin/awk
configure:2355: result: awk
configure:2366: checking whether make sets $(MAKE)
configure:2387: result: yes
configure:2623: checking for gcc
configure:2639: found /usr/bin/gcc
configure:2650: result: gcc
configure:2888: checking for C compiler version
configure:2895: gcc --version >&5
i686-apple-darwin9-gcc-4.0.1 (GCC) 4.0.1 (Apple Inc. build 5493)
Copyright (C) 2005 Free Software Foundation, Inc.
This is free software; see the source for copying conditions.  There is NO
warranty; not even for MERCHANTABILITY or FITNESS FOR A PARTICULAR PURPOSE.

configure:2898: $? = 0
configure:2905: gcc -v >&5
Using built-in specs.
Target: i686-apple-darwin9
Configured with: /var/tmp/gcc/gcc-5493~1/src/configure --disable-checking -enable-werror --prefix=/usr --mandir=/share/man --enable-languages=c,objc,c++,obj-c++ --program-transform-name=/^[cg][^.-]*$/s/$/-4.0/ --with-gxx-include-dir=/include/c++/4.0.0 --with-slibdir=/usr/lib --build=i686-apple-darwin9 --with-arch=apple --with-tune=generic --host=i686-apple-darwin9 --target=i686-apple-darwin9
Thread model: posix
gcc version 4.0.1 (Apple Inc. build 5493)
configure:2908: $? = 0
configure:2915: gcc -V >&5
gcc-4.0: argument to `-V' is missing
configure:2918: $? = 1
configure:2941: checking for C compiler default output file name
configure:2968: gcc    conftest.c  >&5
configure:2971: $? = 0
configure:3009: result: a.out
configure:3026: checking whether the C compiler works
configure:3036: ./a.out
configure:3039: $? = 0
configure:3056: result: yes
configure:3063: checking whether we are cross compiling
configure:3065: result: no
configure:3068: checking for suffix of executables
configure:3075: gcc -o conftest    conftest.c  >&5
configure:3078: $? = 0
configure:3102: result: 
configure:3108: checking for suffix of object files
configure:3134: gcc -c   conftest.c >&5
configure:3137: $? = 0
configure:3160: result: o
configure:3164: checking whether we are using the GNU C compiler
configure:3193: gcc -c   conftest.c >&5
configure:3199: $? = 0
configure:3216: result: yes
configure:3221: checking whether gcc accepts -g
configure:3251: gcc -c -g  conftest.c >&5
configure:3257: $? = 0
configure:3356: result: yes
configure:3373: checking for gcc option to accept ISO C89
configure:3447: gcc  -c -g -O2  conftest.c >&5
configure:3453: $? = 0
configure:3476: result: none needed
configure:3505: checking for style of include used by make
configure:3533: result: GNU
configure:3558: checking dependency style of gcc
configure:3649: result: gcc3
configure:3722: checking for g++
configure:3738: found /usr/bin/g++
configure:3749: result: g++
configure:3780: checking for C++ compiler version
configure:3787: g++ --version >&5
i686-apple-darwin9-g++-4.0.1 (GCC) 4.0.1 (Apple Inc. build 5493)
Copyright (C) 2005 Free Software Foundation, Inc.
This is free software; see the source for copying conditions.  There is NO
warranty; not even for MERCHANTABILITY or FITNESS FOR A PARTICULAR PURPOSE.

configure:3790: $? = 0
configure:3797: g++ -v >&5
Using built-in specs.
Target: i686-apple-darwin9
Configured with: /var/tmp/gcc/gcc-5493~1/src/configure --disable-checking -enable-werror --prefix=/usr --mandir=/share/man --enable-languages=c,objc,c++,obj-c++ --program-transform-name=/^[cg][^.-]*$/s/$/-4.0/ --with-gxx-include-dir=/include/c++/4.0.0 --with-slibdir=/usr/lib --build=i686-apple-darwin9 --with-arch=apple --with-tune=generic --host=i686-apple-darwin9 --target=i686-apple-darwin9
Thread model: posix
gcc version 4.0.1 (Apple Inc. build 5493)
configure:3800: $? = 0
configure:3807: g++ -V >&5
g++-4.0: argument to `-V' is missing
configure:3810: $? = 1
configure:3813: checking whether we are using the GNU C++ compiler
configure:3842: g++ -c   conftest.cpp >&5
configure:3848: $? = 0
configure:3865: result: yes
configure:3870: checking whether g++ accepts -g
configure:3900: g++ -c -g  conftest.cpp >&5
configure:3906: $? = 0
configure:4005: result: yes
configure:4030: checking dependency style of g++
configure:4121: result: gcc3
configure:4208: checking for a sed that does not truncate output
configure:4262: result: /usr/bin/sed
configure:4265: checking for grep that handles long lines and -e
configure:4339: result: /usr/bin/grep
configure:4344: checking for egrep
configure:4422: result: /usr/bin/grep -E
configure:4438: checking for ld used by gcc
configure:4505: result: /usr/libexec/gcc/i686-apple-darwin9/4.0.1/ld
configure:4514: checking if the linker (/usr/libexec/gcc/i686-apple-darwin9/4.0.1/ld) is GNU ld
configure:4529: result: no
configure:4534: checking for /usr/libexec/gcc/i686-apple-darwin9/4.0.1/ld option to reload object files
configure:4541: result: -r
configure:4559: checking for BSD-compatible nm
configure:4608: result: /usr/bin/nm -p
configure:4612: checking whether ln -s works
configure:4616: result: yes
configure:4623: checking how to recognise dependent libraries
configure:4799: result: pass_all
configure:5033: checking how to run the C preprocessor
configure:5073: gcc -E  conftest.c
configure:5079: $? = 0
configure:5110: gcc -E  conftest.c
conftest.c:10:28: error: ac_nonexistent.h: No such file or directory
configure:5116: $? = 1
configure: failed program was:
| /* confdefs.h.  */
| #define PACKAGE_NAME "libjingle"
| #define PACKAGE_TARNAME "libjingle"
| #define PACKAGE_VERSION "0.4.0"
| #define PACKAGE_STRING "libjingle 0.4.0"
| #define PACKAGE_BUGREPORT "google-talk-open@googlegroups.com"
| #define PACKAGE "libjingle"
| #define VERSION "0.4.0"
| /* end confdefs.h.  */
| #include <ac_nonexistent.h>
configure:5149: result: gcc -E
configure:5178: gcc -E  conftest.c
configure:5184: $? = 0
configure:5215: gcc -E  conftest.c
conftest.c:10:28: error: ac_nonexistent.h: No such file or directory
configure:5221: $? = 1
configure: failed program was:
| /* confdefs.h.  */
| #define PACKAGE_NAME "libjingle"
| #define PACKAGE_TARNAME "libjingle"
| #define PACKAGE_VERSION "0.4.0"
| #define PACKAGE_STRING "libjingle 0.4.0"
| #define PACKAGE_BUGREPORT "google-talk-open@googlegroups.com"
| #define PACKAGE "libjingle"
| #define VERSION "0.4.0"
| /* end confdefs.h.  */
| #include <ac_nonexistent.h>
configure:5259: checking for ANSI C header files
configure:5289: gcc -c -g -O2  conftest.c >&5
configure:5295: $? = 0
configure:5394: gcc -o conftest -g -O2   conftest.c  >&5
configure:5397: $? = 0
configure:5403: ./conftest
configure:5406: $? = 0
configure:5423: result: yes
configure:5447: checking for sys/types.h
configure:5468: gcc -c -g -O2  conftest.c >&5
configure:5474: $? = 0
configure:5490: result: yes
configure:5447: checking for sys/stat.h
configure:5468: gcc -c -g -O2  conftest.c >&5
configure:5474: $? = 0
configure:5490: result: yes
configure:5447: checking for stdlib.h
configure:5468: gcc -c -g -O2  conftest.c >&5
configure:5474: $? = 0
configure:5490: result: yes
configure:5447: checking for string.h
configure:5468: gcc -c -g -O2  conftest.c >&5
configure:5474: $? = 0
configure:5490: result: yes
configure:5447: checking for memory.h
configure:5468: gcc -c -g -O2  conftest.c >&5
configure:5474: $? = 0
configure:5490: result: yes
configure:5447: checking for strings.h
configure:5468: gcc -c -g -O2  conftest.c >&5
configure:5474: $? = 0
configure:5490: result: yes
configure:5447: checking for inttypes.h
configure:5468: gcc -c -g -O2  conftest.c >&5
configure:5474: $? = 0
configure:5490: result: yes
configure:5447: checking for stdint.h
configure:5468: gcc -c -g -O2  conftest.c >&5
configure:5474: $? = 0
configure:5490: result: yes
configure:5447: checking for unistd.h
configure:5468: gcc -c -g -O2  conftest.c >&5
configure:5474: $? = 0
configure:5490: result: yes
configure:5517: checking dlfcn.h usability
configure:5534: gcc -c -g -O2  conftest.c >&5
configure:5540: $? = 0
configure:5554: result: yes
configure:5558: checking dlfcn.h presence
configure:5573: gcc -E  conftest.c
configure:5579: $? = 0
configure:5593: result: yes
configure:5626: checking for dlfcn.h
configure:5634: result: yes
configure:5657: checking how to run the C++ preprocessor
configure:5693: g++ -E  conftest.cpp
configure:5699: $? = 0
configure:5730: g++ -E  conftest.cpp
conftest.cpp:21:28: error: ac_nonexistent.h: No such file or directory
configure:5736: $? = 1
configure: failed program was:
| /* confdefs.h.  */
| #define PACKAGE_NAME "libjingle"
| #define PACKAGE_TARNAME "libjingle"
| #define PACKAGE_VERSION "0.4.0"
| #define PACKAGE_STRING "libjingle 0.4.0"
| #define PACKAGE_BUGREPORT "google-talk-open@googlegroups.com"
| #define PACKAGE "libjingle"
| #define VERSION "0.4.0"
| #define STDC_HEADERS 1
| #define HAVE_SYS_TYPES_H 1
| #define HAVE_SYS_STAT_H 1
| #define HAVE_STDLIB_H 1
| #define HAVE_STRING_H 1
| #define HAVE_MEMORY_H 1
| #define HAVE_STRINGS_H 1
| #define HAVE_INTTYPES_H 1
| #define HAVE_STDINT_H 1
| #define HAVE_UNISTD_H 1
| #define HAVE_DLFCN_H 1
| /* end confdefs.h.  */
| #include <ac_nonexistent.h>
configure:5769: result: g++ -E
configure:5798: g++ -E  conftest.cpp
configure:5804: $? = 0
configure:5835: g++ -E  conftest.cpp
conftest.cpp:21:28: error: ac_nonexistent.h: No such file or directory
configure:5841: $? = 1
configure: failed program was:
| /* confdefs.h.  */
| #define PACKAGE_NAME "libjingle"
| #define PACKAGE_TARNAME "libjingle"
| #define PACKAGE_VERSION "0.4.0"
| #define PACKAGE_STRING "libjingle 0.4.0"
| #define PACKAGE_BUGREPORT "google-talk-open@googlegroups.com"
| #define PACKAGE "libjingle"
| #define VERSION "0.4.0"
| #define STDC_HEADERS 1
| #define HAVE_SYS_TYPES_H 1
| #define HAVE_SYS_STAT_H 1
| #define HAVE_STDLIB_H 1
| #define HAVE_STRING_H 1
| #define HAVE_MEMORY_H 1
| #define HAVE_STRINGS_H 1
| #define HAVE_INTTYPES_H 1
| #define HAVE_STDINT_H 1
| #define HAVE_UNISTD_H 1
| #define HAVE_DLFCN_H 1
| /* end confdefs.h.  */
| #include <ac_nonexistent.h>
configure:5934: checking for g77
configure:5964: result: no
configure:5934: checking for xlf
configure:5964: result: no
configure:5934: checking for f77
configure:5964: result: no
configure:5934: checking for frt
configure:5964: result: no
configure:5934: checking for pgf77
configure:5964: result: no
configure:5934: checking for cf77
configure:5964: result: no
configure:5934: checking for fort77
configure:5964: result: no
configure:5934: checking for fl32
configure:5964: result: no
configure:5934: checking for af77
configure:5964: result: no
configure:5934: checking for xlf90
configure:5964: result: no
configure:5934: checking for f90
configure:5964: result: no
configure:5934: checking for pgf90
configure:5964: result: no
configure:5934: checking for pghpf
configure:5964: result: no
configure:5934: checking for epcf90
configure:5964: result: no
configure:5934: checking for gfortran
configure:5964: result: no
configure:5934: checking for g95
configure:5964: result: no
configure:5934: checking for xlf95
configure:5964: result: no
configure:5934: checking for f95
configure:5964: result: no
configure:5934: checking for fort
configure:5964: result: no
configure:5934: checking for ifort
configure:5964: result: no
configure:5934: checking for ifc
configure:5964: result: no
configure:5934: checking for efc
configure:5964: result: no
configure:5934: checking for pgf95
configure:5964: result: no
configure:5934: checking for lf95
configure:5964: result: no
configure:5934: checking for ftn
configure:5964: result: no
configure:5991: checking for Fortran 77 compiler version
configure:5998:  --version >&5
./configure: line 5999: --version: command not found
configure:6001: $? = 127
configure:6008:  -v >&5
./configure: line 6009: -v: command not found
configure:6011: $? = 127
configure:6018:  -V >&5
./configure: line 6019: -V: command not found
configure:6021: $? = 127
configure:6029: checking whether we are using the GNU Fortran 77 compiler
configure:6048:  -c  conftest.F >&5
./configure: line 6049: -c: command not found
configure:6054: $? = 127
configure: failed program was:
|       program main
| #ifndef __GNUC__
|        choke me
| #endif
| 
|       end
configure:6071: result: no
configure:6077: checking whether  accepts -g
configure:6094:  -c -g conftest.f >&5
./configure: line 6095: -c: command not found
configure:6100: $? = 127
configure: failed program was:
|       program main
| 
|       end
configure:6116: result: no
configure:6146: checking the maximum length of command line arguments
configure:6255: result: 196608
configure:6266: checking command to parse /usr/bin/nm -p output from gcc object
configure:6371: gcc -c -g -O2  conftest.c >&5
configure:6374: $? = 0
configure:6378: /usr/bin/nm -p conftest.o \| sed -n -e 's/^.*[ 	]\([BCDEGRST][BCDEGRST]*\)[ 	][ 	]*\([_A-Za-z][_A-Za-z0-9]*\)$/\1 \2 \2/p' \> conftest.nm
configure:6381: $? = 0
cannot find nm_test_var in conftest.nm
configure:6371: gcc -c -g -O2  conftest.c >&5
configure:6374: $? = 0
configure:6378: /usr/bin/nm -p conftest.o \| sed -n -e 's/^.*[ 	]\([BCDEGRST][BCDEGRST]*\)[ 	][ 	]*_\([_A-Za-z][_A-Za-z0-9]*\)$/\1 _\2 \2/p' \> conftest.nm
configure:6381: $? = 0
configure:6433: gcc -o conftest -g -O2   conftest.c conftstm.o >&5
configure:6436: $? = 0
configure:6474: result: ok
configure:6478: checking for objdir
configure:6493: result: .libs
configure:6585: checking for ar
configure:6601: found /usr/bin/ar
configure:6612: result: ar
configure:6681: checking for ranlib
configure:6697: found /usr/bin/ranlib
configure:6708: result: ranlib
configure:6777: checking for strip
configure:6793: found /usr/bin/strip
configure:6804: result: strip
configure:7090: checking if gcc supports -fno-rtti -fno-exceptions
configure:7108: gcc -c -g -O2  -fno-rtti -fno-exceptions conftest.c >&5
cc1: warning: command line option "-fno-rtti" is valid for C++/ObjC++ but not for C
configure:7112: $? = 0
configure:7125: result: no
configure:7140: checking for gcc option to produce PIC
configure:7350: result: -fno-common
configure:7358: checking if gcc PIC flag -fno-common works
configure:7376: gcc -c -g -O2  -fno-common -DPIC conftest.c >&5
configure:7380: $? = 0
configure:7393: result: yes
configure:7421: checking if gcc static flag -static works
configure:7449: result: no
configure:7459: checking if gcc supports -c -o file.o
configure:7480: gcc -c -g -O2  -o out/conftest2.o conftest.c >&5
configure:7484: $? = 0
configure:7506: result: yes
configure:7532: checking whether the gcc linker (/usr/libexec/gcc/i686-apple-darwin9/4.0.1/ld) supports shared libraries
configure:8486: result: yes
configure:8553: checking dynamic linker characteristics
configure:9141: result: darwin9.8.0 dyld
configure:9150: checking how to hardcode library paths into programs
configure:9175: result: immediate
configure:9189: checking whether stripping libraries is possible
configure:9202: result: yes
configure:9995: checking if libtool supports shared libraries
configure:9997: result: yes
configure:10000: checking whether to build shared libraries
configure:10021: result: yes
configure:10024: checking whether to build static libraries
configure:10028: result: yes
configure:10120: creating libtool
configure:10708: checking for ld used by g++
configure:10775: result: /usr/libexec/gcc/i686-apple-darwin9/4.0.1/ld
configure:10784: checking if the linker (/usr/libexec/gcc/i686-apple-darwin9/4.0.1/ld) is GNU ld
configure:10799: result: no
configure:10850: checking whether the g++ linker (/usr/libexec/gcc/i686-apple-darwin9/4.0.1/ld) supports shared libraries
configure:11784: result: yes
configure:11802: g++ -c -g -O2  conftest.cpp >&5
configure:11805: $? = 0
configure:11924: checking for g++ option to produce PIC
configure:12198: result: -fno-common
configure:12206: checking if g++ PIC flag -fno-common works
configure:12224: g++ -c -g -O2  -fno-common -DPIC conftest.cpp >&5
configure:12228: $? = 0
configure:12241: result: yes
configure:12269: checking if g++ static flag -static works
configure:12297: result: no
configure:12307: checking if g++ supports -c -o file.o
configure:12328: g++ -c -g -O2  -o out/conftest2.o conftest.cpp >&5
configure:12332: $? = 0
configure:12354: result: yes
configure:12380: checking whether the g++ linker (/usr/libexec/gcc/i686-apple-darwin9/4.0.1/ld) supports shared libraries
configure:12405: result: yes
configure:12472: checking dynamic linker characteristics
configure:13060: result: darwin9.8.0 dyld
configure:13069: checking how to hardcode library paths into programs
configure:13094: result: immediate
configure:19248: checking for a BSD-compatible install
configure:19304: result: /usr/bin/install -c
configure:19352: checking for XML_ParserCreate in -lexpat
configure:19387: gcc -o conftest -g -O2   conftest.c -lexpat   >&5
configure:19393: $? = 0
configure:19411: result: yes
configure:20833: creating ./config.status

## ---------------------- ##
## Running config.status. ##
## ---------------------- ##

This file was extended by libjingle config.status 0.4.0, which was
generated by GNU Autoconf 2.61.  Invocation command line was

  CONFIG_FILES    = 
  CONFIG_HEADERS  = 
  CONFIG_LINKS    = 
  CONFIG_COMMANDS = 
  $ ./config.status 

on zhili-hus-macbook-pro.local

config.status:700: creating Makefile
config.status:700: creating talk/Makefile
config.status:700: creating talk/base/Makefile
config.status:700: creating talk/third_party/Makefile
config.status:700: creating talk/third_party/gips/Makefile
config.status:700: creating talk/third_party/mediastreamer/Makefile
config.status:700: creating talk/examples/Makefile
config.status:700: creating talk/examples/login/Makefile
config.status:700: creating talk/examples/call/Makefile
config.status:700: creating talk/examples/pcp/Makefile
config.status:700: creating talk/examples/chat/Makefile
config.status:700: creating talk/p2p/Makefile
config.status:700: creating talk/p2p/base/Makefile
config.status:700: creating talk/p2p/client/Makefile
config.status:700: creating talk/session/Makefile
config.status:700: creating talk/session/fileshare/Makefile
config.status:700: creating talk/session/tunnel/Makefile
config.status:700: creating talk/session/phone/Makefile
config.status:700: creating talk/xmllite/Makefile
config.status:700: creating talk/xmpp/Makefile
config.status:700: creating config.h
config.status:935: config.h is unchanged
config.status:981: executing depfiles commands

## ---------------- ##
## Cache variables. ##
## ---------------- ##

ac_cv_build=i686-apple-darwin9.8.0
ac_cv_c_compiler_gnu=yes
ac_cv_cxx_compiler_gnu=yes
ac_cv_env_CCC_set=
ac_cv_env_CCC_value=
ac_cv_env_CC_set=
ac_cv_env_CC_value=
ac_cv_env_CFLAGS_set=
ac_cv_env_CFLAGS_value=
ac_cv_env_CPPFLAGS_set=
ac_cv_env_CPPFLAGS_value=
ac_cv_env_CPP_set=
ac_cv_env_CPP_value=
ac_cv_env_CXXCPP_set=
ac_cv_env_CXXCPP_value=
ac_cv_env_CXXFLAGS_set=
ac_cv_env_CXXFLAGS_value=
ac_cv_env_CXX_set=
ac_cv_env_CXX_value=
ac_cv_env_F77_set=
ac_cv_env_F77_value=
ac_cv_env_FFLAGS_set=
ac_cv_env_FFLAGS_value=
ac_cv_env_GLIB_CFLAGS_set=
ac_cv_env_GLIB_CFLAGS_value=
ac_cv_env_GLIB_LIBS_set=
ac_cv_env_GLIB_LIBS_value=
ac_cv_env_LDFLAGS_set=
ac_cv_env_LDFLAGS_value=
ac_cv_env_LIBS_set=
ac_cv_env_LIBS_value=
ac_cv_env_ORTP_CFLAGS_set=
ac_cv_env_ORTP_CFLAGS_value=
ac_cv_env_ORTP_LIBS_set=
ac_cv_env_ORTP_LIBS_value=
ac_cv_env_PKG_CONFIG_set=
ac_cv_env_PKG_CONFIG_value=
ac_cv_env_build_alias_set=
ac_cv_env_build_alias_value=
ac_cv_env_host_alias_set=
ac_cv_env_host_alias_value=
ac_cv_env_target_alias_set=
ac_cv_env_target_alias_value=
ac_cv_f77_compiler_gnu=no
ac_cv_header_dlfcn_h=yes
ac_cv_header_inttypes_h=yes
ac_cv_header_memory_h=yes
ac_cv_header_stdc=yes
ac_cv_header_stdint_h=yes
ac_cv_header_stdlib_h=yes
ac_cv_header_string_h=yes
ac_cv_header_strings_h=yes
ac_cv_header_sys_stat_h=yes
ac_cv_header_sys_types_h=yes
ac_cv_header_unistd_h=yes
ac_cv_host=i686-apple-darwin9.8.0
ac_cv_lib_expat_XML_ParserCreate=yes
ac_cv_objext=o
ac_cv_path_EGREP='/usr/bin/grep -E'
ac_cv_path_GREP=/usr/bin/grep
ac_cv_path_install='/usr/bin/install -c'
ac_cv_prog_AWK=awk
ac_cv_prog_CPP='gcc -E'
ac_cv_prog_CXXCPP='g++ -E'
ac_cv_prog_ac_ct_AR=ar
ac_cv_prog_ac_ct_CC=gcc
ac_cv_prog_ac_ct_CXX=g++
ac_cv_prog_ac_ct_RANLIB=ranlib
ac_cv_prog_ac_ct_STRIP=strip
ac_cv_prog_cc_c89=
ac_cv_prog_cc_g=yes
ac_cv_prog_cxx_g=yes
ac_cv_prog_f77_g=no
ac_cv_prog_make_make_set=yes
ac_cv_target=i686-apple-darwin9.8.0
am_cv_CC_dependencies_compiler_type=gcc3
am_cv_CXX_dependencies_compiler_type=gcc3
lt_cv_deplibs_check_method=pass_all
lt_cv_file_magic_cmd='$MAGIC_CMD'
lt_cv_file_magic_test_file=
lt_cv_ld_reload_flag=-r
lt_cv_objdir=.libs
lt_cv_path_LD=/usr/libexec/gcc/i686-apple-darwin9/4.0.1/ld
lt_cv_path_LDCXX=/usr/libexec/gcc/i686-apple-darwin9/4.0.1/ld
lt_cv_path_NM='/usr/bin/nm -p'
lt_cv_path_SED=/usr/bin/sed
lt_cv_prog_compiler_c_o=yes
lt_cv_prog_compiler_c_o_CXX=yes
lt_cv_prog_compiler_rtti_exceptions=no
lt_cv_prog_gnu_ld=no
lt_cv_prog_gnu_ldcxx=no
lt_cv_sys_global_symbol_pipe='sed -n -e '\''s/^.*[ 	]\([BCDEGRST][BCDEGRST]*\)[ 	][ 	]*_\([_A-Za-z][_A-Za-z0-9]*\)$/\1 _\2 \2/p'\'''
lt_cv_sys_global_symbol_to_c_name_address='sed -n -e '\''s/^: \([^ ]*\) $/  {\"\1\", (lt_ptr) 0},/p'\'' -e '\''s/^[BCDEGRST] \([^ ]*\) \([^ ]*\)$/  {"\2", (lt_ptr) \&\2},/p'\'''
lt_cv_sys_global_symbol_to_cdecl='sed -n -e '\''s/^. .* \(.*\)$/extern int \1;/p'\'''
lt_cv_sys_max_cmd_len=196608
lt_lt_cv_prog_compiler_c_o='"yes"'
lt_lt_cv_prog_compiler_c_o_CXX='"yes"'
lt_lt_cv_sys_global_symbol_pipe='"sed -n -e '\''s/^.*[ 	]\\([BCDEGRST][BCDEGRST]*\\)[ 	][ 	]*_\\([_A-Za-z][_A-Za-z0-9]*\\)\$/\\1 _\\2 \\2/p'\''"'
lt_lt_cv_sys_global_symbol_to_c_name_address='"sed -n -e '\''s/^: \\([^ ]*\\) \$/  {\\\"\\1\\\", (lt_ptr) 0},/p'\'' -e '\''s/^[BCDEGRST] \\([^ ]*\\) \\([^ ]*\\)\$/  {\"\\2\", (lt_ptr) \\&\\2},/p'\''"'
lt_lt_cv_sys_global_symbol_to_cdecl='"sed -n -e '\''s/^. .* \\(.*\\)\$/extern int \\1;/p'\''"'

## ----------------- ##
## Output variables. ##
## ----------------- ##

ACLOCAL='${SHELL} /Volumes/External_HD/Code/libjingle-0.4.0/missing --run aclocal-1.10'
ALSA_LIBS=''
AMDEPBACKSLASH='\'
AMDEP_FALSE='#'
AMDEP_TRUE=''
AMTAR='${SHELL} /Volumes/External_HD/Code/libjingle-0.4.0/missing --run tar'
AR='ar'
AUTOCONF='${SHELL} /Volumes/External_HD/Code/libjingle-0.4.0/missing --run autoconf'
AUTOHEADER='${SHELL} /Volumes/External_HD/Code/libjingle-0.4.0/missing --run autoheader'
AUTOMAKE='${SHELL} /Volumes/External_HD/Code/libjingle-0.4.0/missing --run automake-1.10'
AWK='awk'
CC='gcc'
CCDEPMODE='depmode=gcc3'
CFLAGS='-g -O2'
CPP='gcc -E'
CPPFLAGS=''
CXX='g++'
CXXCPP='g++ -E'
CXXDEPMODE='depmode=gcc3'
CXXFLAGS='-g -O2'
CYGPATH_W='echo'
DEFS='-DHAVE_CONFIG_H'
DEPDIR='.deps'
ECHO='/bin/echo'
ECHO_C='ECHO_N=''
ECHO_T=''
EGREP='/usr/bin/grep -E'
EXEEXT=''
EXPAT_LIBS='-lexpat'
F77=''
FFLAGS=''
GIPS_FALSE=''
GIPS_TRUE='#'
GLIB_CFLAGS=''
GLIB_LIBS=''
GREP='/usr/bin/grep'
ILBC_CFLAGS=''
ILBC_LIBS=''
INSTALL_DATA='${INSTALL} -m 644'
INSTALL_PROGRAM='${INSTALL}'
INSTALL_SCRIPT='${INSTALL}'
INSTALL_STRIP_PROGRAM='$(install_sh) -c -s'
LDFLAGS=''
LIBOBJS=''
LIBS=''
LIBTOOL='$(SHELL) $(top_builddir)/libtool --silent'
LN_S='ln -s'
LTLIBOBJS=''
MAKEINFO='${SHELL} /Volumes/External_HD/Code/libjingle-0.4.0/missing --run makeinfo'
MEDIA_LIBS=''
OBJEXT='o'
ORTP_CFLAGS=''
ORTP_LIBS=''
PACKAGE='libjingle'
PACKAGE_BUGREPORT='google-talk-open@googlegroups.com'
PACKAGE_NAME='libjingle'
PACKAGE_STRING='libjingle 0.4.0'
PACKAGE_TARNAME='libjingle'
PACKAGE_VERSION='0.4.0'
PATH_SEPARATOR=':'
PHONE_FALSE=''
PHONE_TRUE='#'
PKG_CONFIG=''
RANLIB='ranlib'
SET_MAKE=''
SHELL='/bin/sh'
SPEEX_CFLAGS=''
SPEEX_LIBS=''
STRIP='strip'
VERSION='0.4.0'
ac_ct_CC='gcc'
ac_ct_CXX='g++'
ac_ct_F77=''
am__fastdepCC_FALSE='#'
am__fastdepCC_TRUE=''
am__fastdepCXX_FALSE='#'
am__fastdepCXX_TRUE=''
am__include='include'
am__isrc=''
am__leading_dot='.'
am__quote=''
am__tar='${AMTAR} chof - "$$tardir"'
am__untar='${AMTAR} xf -'
bindir='${exec_prefix}/bin'
build='i686-apple-darwin9.8.0'
build_alias=''
build_cpu='i686'
build_os='darwin9.8.0'
build_vendor='apple'
datadir='${datarootdir}'
datarootdir='${prefix}/share'
docdir='${datarootdir}/doc/${PACKAGE_TARNAME}'
dvidir='${docdir}'
exec_prefix='${prefix}'
host='i686-apple-darwin9.8.0'
host_alias=''
host_cpu='i686'
host_os='darwin9.8.0'
host_vendor='apple'
htmldir='${docdir}'
includedir='${prefix}/include'
infodir='${datarootdir}/info'
install_sh='$(SHELL) /Volumes/External_HD/Code/libjingle-0.4.0/install-sh'
libdir='${exec_prefix}/lib'
libexecdir='${exec_prefix}/libexec'
localedir='${datarootdir}/locale'
localstatedir='${prefix}/var'
mandir='${datarootdir}/man'
mkdir_p='$(top_builddir)/./install-sh -c -d'
oldincludedir='/usr/include'
pdfdir='${docdir}'
prefix='/usr/local'
program_transform_name='s,x,x,'
psdir='${docdir}'
sbindir='${exec_prefix}/sbin'
sharedstatedir='${prefix}/com'
sysconfdir='${prefix}/etc'
target='i686-apple-darwin9.8.0'
target_alias=''
target_cpu='i686'
target_os='darwin9.8.0'
target_vendor='apple'

## ----------- ##
## confdefs.h. ##
## ----------- ##

#define PACKAGE_NAME "libjingle"
#define PACKAGE_TARNAME "libjingle"
#define PACKAGE_VERSION "0.4.0"
#define PACKAGE_STRING "libjingle 0.4.0"
#define PACKAGE_BUGREPORT "google-talk-open@googlegroups.com"
#define PACKAGE "libjingle"
#define VERSION "0.4.0"
#define STDC_HEADERS 1
#define HAVE_SYS_TYPES_H 1
#define HAVE_SYS_STAT_H 1
#define HAVE_STDLIB_H 1
#define HAVE_STRING_H 1
#define HAVE_MEMORY_H 1
#define HAVE_STRINGS_H 1
#define HAVE_INTTYPES_H 1
#define HAVE_STDINT_H 1
#define HAVE_UNISTD_H 1
#define HAVE_DLFCN_H 1
#define PRODUCTION_BUILD 1
#define PRODUCTION 1
#define POSIX 1
#define FEATURE_ENABLE_SSL 1
#define FEATURE_ENABLE_CHAT_ARCHIVING 1
#define FEATURE_ENABLE_VOICEMAIL 1
#define LOGGING 1
#define OSX 1

configure: exit 0

## ---------------------- ##
## Running config.status. ##
## ---------------------- ##

This file was extended by libjingle config.status 0.4.0, which was
generated by GNU Autoconf 2.61.  Invocation command line was

  CONFIG_FILES    = 
  CONFIG_HEADERS  = 
  CONFIG_LINKS    = 
  CONFIG_COMMANDS = 
  $ ./config.status config.h

on zhili-hus-macbook-pro.local

config.status:700: creating config.h
config.status:935: config.h is unchanged

## ---------------------- ##
## Running config.status. ##
## ---------------------- ##

This file was extended by libjingle config.status 0.4.0, which was
generated by GNU Autoconf 2.61.  Invocation command line was

  CONFIG_FILES    = 
  CONFIG_HEADERS  = 
  CONFIG_LINKS    = 
  CONFIG_COMMANDS = 
  $ ./config.status talk/examples/chat/Makefile depfiles

on zhili-hus-macbook-pro.local

config.status:700: creating talk/examples/chat/Makefile
config.status:981: executing depfiles commands

## ---------------------- ##
## Running config.status. ##
## ---------------------- ##

This file was extended by libjingle config.status 0.4.0, which was
generated by GNU Autoconf 2.61.  Invocation command line was

  CONFIG_FILES    = 
  CONFIG_HEADERS  = 
  CONFIG_LINKS    = 
  CONFIG_COMMANDS = 
  $ ./config.status Makefile

on zhili-hus-macbook-pro.local

config.status:700: creating Makefile

## ---------------------- ##
## Running config.status. ##
## ---------------------- ##

This file was extended by libjingle config.status 0.4.0, which was
generated by GNU Autoconf 2.61.  Invocation command line was

  CONFIG_FILES    = 
  CONFIG_HEADERS  = 
  CONFIG_LINKS    = 
  CONFIG_COMMANDS = 
  $ ./config.status talk/Makefile

on zhili-hus-macbook-pro.local

config.status:700: creating talk/Makefile

## ---------------------- ##
## Running config.status. ##
## ---------------------- ##

This file was extended by libjingle config.status 0.4.0, which was
generated by GNU Autoconf 2.61.  Invocation command line was

  CONFIG_FILES    = 
  CONFIG_HEADERS  = 
  CONFIG_LINKS    = 
  CONFIG_COMMANDS = 
  $ ./config.status talk/base/Makefile depfiles

on zhili-hus-macbook-pro.local

config.status:700: creating talk/base/Makefile
config.status:981: executing depfiles commands

## ---------------------- ##
## Running config.status. ##
## ---------------------- ##

This file was extended by libjingle config.status 0.4.0, which was
generated by GNU Autoconf 2.61.  Invocation command line was

  CONFIG_FILES    = 
  CONFIG_HEADERS  = 
  CONFIG_LINKS    = 
  CONFIG_COMMANDS = 
  $ ./config.status talk/xmllite/Makefile depfiles

on zhili-hus-macbook-pro.local

config.status:700: creating talk/xmllite/Makefile
config.status:981: executing depfiles commands

## ---------------------- ##
## Running config.status. ##
## ---------------------- ##

This file was extended by libjingle config.status 0.4.0, which was
generated by GNU Autoconf 2.61.  Invocation command line was

  CONFIG_FILES    = 
  CONFIG_HEADERS  = 
  CONFIG_LINKS    = 
  CONFIG_COMMANDS = 
  $ ./config.status talk/xmpp/Makefile depfiles

on zhili-hus-macbook-pro.local

config.status:700: creating talk/xmpp/Makefile
config.status:981: executing depfiles commands

## ---------------------- ##
## Running config.status. ##
## ---------------------- ##

This file was extended by libjingle config.status 0.4.0, which was
generated by GNU Autoconf 2.61.  Invocation command line was

  CONFIG_FILES    = 
  CONFIG_HEADERS  = 
  CONFIG_LINKS    = 
  CONFIG_COMMANDS = 
  $ ./config.status talk/p2p/Makefile

on zhili-hus-macbook-pro.local

config.status:700: creating talk/p2p/Makefile

## ---------------------- ##
## Running config.status. ##
## ---------------------- ##

This file was extended by libjingle config.status 0.4.0, which was
generated by GNU Autoconf 2.61.  Invocation command line was

  CONFIG_FILES    = 
  CONFIG_HEADERS  = 
  CONFIG_LINKS    = 
  CONFIG_COMMANDS = 
  $ ./config.status talk/p2p/base/Makefile depfiles

on zhili-hus-macbook-pro.local

config.status:700: creating talk/p2p/base/Makefile
config.status:981: executing depfiles commands

## ---------------------- ##
## Running config.status. ##
## ---------------------- ##

This file was extended by libjingle config.status 0.4.0, which was
generated by GNU Autoconf 2.61.  Invocation command line was

  CONFIG_FILES    = 
  CONFIG_HEADERS  = 
  CONFIG_LINKS    = 
  CONFIG_COMMANDS = 
  $ ./config.status talk/p2p/client/Makefile depfiles

on zhili-hus-macbook-pro.local

config.status:700: creating talk/p2p/client/Makefile
config.status:981: executing depfiles commands

## ---------------------- ##
## Running config.status. ##
## ---------------------- ##

This file was extended by libjingle config.status 0.4.0, which was
generated by GNU Autoconf 2.61.  Invocation command line was

  CONFIG_FILES    = 
  CONFIG_HEADERS  = 
  CONFIG_LINKS    = 
  CONFIG_COMMANDS = 
  $ ./config.status talk/session/Makefile

on zhili-hus-macbook-pro.local

config.status:700: creating talk/session/Makefile

## ---------------------- ##
## Running config.status. ##
## ---------------------- ##

This file was extended by libjingle config.status 0.4.0, which was
generated by GNU Autoconf 2.61.  Invocation command line was

  CONFIG_FILES    = 
  CONFIG_HEADERS  = 
  CONFIG_LINKS    = 
  CONFIG_COMMANDS = 
  $ ./config.status talk/session/tunnel/Makefile depfiles

on zhili-hus-macbook-pro.local

config.status:700: creating talk/session/tunnel/Makefile
config.status:981: executing depfiles commands

## ---------------------- ##
## Running config.status. ##
## ---------------------- ##

This file was extended by libjingle config.status 0.4.0, which was
generated by GNU Autoconf 2.61.  Invocation command line was

  CONFIG_FILES    = 
  CONFIG_HEADERS  = 
  CONFIG_LINKS    = 
  CONFIG_COMMANDS = 
  $ ./config.status talk/session/fileshare/Makefile depfiles

on zhili-hus-macbook-pro.local

config.status:700: creating talk/session/fileshare/Makefile
config.status:981: executing depfiles commands

## ---------------------- ##
## Running config.status. ##
## ---------------------- ##

This file was extended by libjingle config.status 0.4.0, which was
generated by GNU Autoconf 2.61.  Invocation command line was

  CONFIG_FILES    = 
  CONFIG_HEADERS  = 
  CONFIG_LINKS    = 
  CONFIG_COMMANDS = 
  $ ./config.status talk/third_party/Makefile

on zhili-hus-macbook-pro.local

config.status:700: creating talk/third_party/Makefile

## ---------------------- ##
## Running config.status. ##
## ---------------------- ##

This file was extended by libjingle config.status 0.4.0, which was
generated by GNU Autoconf 2.61.  Invocation command line was

  CONFIG_FILES    = 
  CONFIG_HEADERS  = 
  CONFIG_LINKS    = 
  CONFIG_COMMANDS = 
  $ ./config.status talk/examples/Makefile

on zhili-hus-macbook-pro.local

config.status:700: creating talk/examples/Makefile

## ---------------------- ##
## Running config.status. ##
## ---------------------- ##

This file was extended by libjingle config.status 0.4.0, which was
generated by GNU Autoconf 2.61.  Invocation command line was

  CONFIG_FILES    = 
  CONFIG_HEADERS  = 
  CONFIG_LINKS    = 
  CONFIG_COMMANDS = 
  $ ./config.status talk/examples/login/Makefile depfiles

on zhili-hus-macbook-pro.local

config.status:700: creating talk/examples/login/Makefile
config.status:981: executing depfiles commands

## ---------------------- ##
## Running config.status. ##
## ---------------------- ##

This file was extended by libjingle config.status 0.4.0, which was
generated by GNU Autoconf 2.61.  Invocation command line was

  CONFIG_FILES    = 
  CONFIG_HEADERS  = 
  CONFIG_LINKS    = 
  CONFIG_COMMANDS = 
  $ ./config.status talk/examples/pcp/Makefile depfiles

on zhili-hus-macbook-pro.local

config.status:700: creating talk/examples/pcp/Makefile
config.status:981: executing depfiles commands

## ---------------------- ##
## Running config.status. ##
## ---------------------- ##

This file was extended by libjingle config.status 0.4.0, which was
generated by GNU Autoconf 2.61.  Invocation command line was

  CONFIG_FILES    = 
  CONFIG_HEADERS  = 
  CONFIG_LINKS    = 
  CONFIG_COMMANDS = 
  $ ./config.status talk/examples/chat/Makefile depfiles

on zhili-hus-macbook-pro.local

config.status:700: creating talk/examples/chat/Makefile
config.status:981: executing depfiles commands
